f:\cfiles\ai五子棋\ai五子棋对战\ai五子棋对战\x64\debug\vc143.pdb
f:\cfiles\ai五子棋\ai五子棋对战\ai五子棋对战\x64\debug\vc143.idb
f:\cfiles\ai五子棋\ai五子棋对战\ai五子棋对战\x64\debug\man.obj
f:\cfiles\ai五子棋\ai五子棋对战\ai五子棋对战\x64\debug\chessgame.obj
f:\cfiles\ai五子棋\ai五子棋对战\ai五子棋对战\x64\debug\chess.obj
f:\cfiles\ai五子棋\ai五子棋对战\ai五子棋对战\x64\debug\main.obj
f:\cfiles\ai五子棋\ai五子棋对战\ai五子棋对战\x64\debug\ai.obj
f:\cfiles\ai五子棋\ai五子棋对战\ai五子棋对战\x64\debug\tools.obj
f:\cfiles\ai五子棋\ai五子棋对战\x64\debug\ai五子棋对战.pdb
f:\cfiles\ai五子棋\ai五子棋对战\ai五子棋对战\x64\debug\ai五子棋对战.tlog\cl.command.1.tlog
f:\cfiles\ai五子棋\ai五子棋对战\ai五子棋对战\x64\debug\ai五子棋对战.tlog\cl.read.1.tlog
f:\cfiles\ai五子棋\ai五子棋对战\ai五子棋对战\x64\debug\ai五子棋对战.tlog\cl.write.1.tlog
f:\cfiles\ai五子棋\ai五子棋对战\ai五子棋对战\x64\debug\ai五子棋对战.tlog\link-cvtres.read.1.tlog
f:\cfiles\ai五子棋\ai五子棋对战\ai五子棋对战\x64\debug\ai五子棋对战.tlog\link-cvtres.write.1.tlog
f:\cfiles\ai五子棋\ai五子棋对战\ai五子棋对战\x64\debug\ai五子棋对战.tlog\link-rc.read.1.tlog
f:\cfiles\ai五子棋\ai五子棋对战\ai五子棋对战\x64\debug\ai五子棋对战.tlog\link-rc.write.1.tlog
f:\cfiles\ai五子棋\ai五子棋对战\ai五子棋对战\x64\debug\ai五子棋对战.tlog\link.6648-cvtres.read.1.tlog
f:\cfiles\ai五子棋\ai五子棋对战\ai五子棋对战\x64\debug\ai五子棋对战.tlog\link.6648-cvtres.write.1.tlog
f:\cfiles\ai五子棋\ai五子棋对战\ai五子棋对战\x64\debug\ai五子棋对战.tlog\link.6648-rc.read.1.tlog
f:\cfiles\ai五子棋\ai五子棋对战\ai五子棋对战\x64\debug\ai五子棋对战.tlog\link.6648-rc.write.1.tlog
f:\cfiles\ai五子棋\ai五子棋对战\ai五子棋对战\x64\debug\ai五子棋对战.tlog\link.6648.read.1.tlog
f:\cfiles\ai五子棋\ai五子棋对战\ai五子棋对战\x64\debug\ai五子棋对战.tlog\link.6648.read.2.tlog
f:\cfiles\ai五子棋\ai五子棋对战\ai五子棋对战\x64\debug\ai五子棋对战.tlog\link.6648.write.1.tlog
f:\cfiles\ai五子棋\ai五子棋对战\ai五子棋对战\x64\debug\ai五子棋对战.tlog\link.command.1.tlog
f:\cfiles\ai五子棋\ai五子棋对战\ai五子棋对战\x64\debug\ai五子棋对战.tlog\link.read.1.tlog
f:\cfiles\ai五子棋\ai五子棋对战\ai五子棋对战\x64\debug\ai五子棋对战.tlog\link.read.2.tlog
f:\cfiles\ai五子棋\ai五子棋对战\ai五子棋对战\x64\debug\ai五子棋对战.tlog\link.write.1.tlog
f:\cfiles\ai五子棋\ai五子棋对战\ai五子棋对战\x64\debug\ai五子棋对战.tlog\rc.command.1.tlog
f:\cfiles\ai五子棋\ai五子棋对战\ai五子棋对战\x64\debug\ai五子棋对战.tlog\rc.read.1.tlog
f:\cfiles\ai五子棋\ai五子棋对战\ai五子棋对战\x64\debug\ai五子棋对战.tlog\rc.write.1.tlog
